This is pdfTeX, Version 3.1415926-2.5-1.40.14 (TeX Live 2013) (format=pdflatex 2013.9.6)  31 OCT 2013 21:42
entering extended mode
 restricted \write18 enabled.
 %&-line parsing enabled.
**Assignment6.tex
(./Assignment6.tex
LaTeX2e <2011/06/27>
Babel <3.9f> and hyphenation patterns for 78 languages loaded.
(/usr/local/texlive/2013/texmf-dist/tex/latex/base/article.cls
Document Class: article 2007/10/19 v1.4h Standard LaTeX document class
(/usr/local/texlive/2013/texmf-dist/tex/latex/base/size11.clo
File: size11.clo 2007/10/19 v1.4h Standard LaTeX file (size option)
)
\c@part=\count79
\c@section=\count80
\c@subsection=\count81
\c@subsubsection=\count82
\c@paragraph=\count83
\c@subparagraph=\count84
\c@figure=\count85
\c@table=\count86
\abovecaptionskip=\skip41
\belowcaptionskip=\skip42
\bibindent=\dimen102
)
(/usr/local/texlive/2013/texmf-dist/tex/latex/graphics/graphicx.sty
Package: graphicx 1999/02/16 v1.0f Enhanced LaTeX Graphics (DPC,SPQR)

(/usr/local/texlive/2013/texmf-dist/tex/latex/graphics/keyval.sty
Package: keyval 1999/03/16 v1.13 key=value parser (DPC)
\KV@toks@=\toks14
)
(/usr/local/texlive/2013/texmf-dist/tex/latex/graphics/graphics.sty
Package: graphics 2009/02/05 v1.0o Standard LaTeX Graphics (DPC,SPQR)

(/usr/local/texlive/2013/texmf-dist/tex/latex/graphics/trig.sty
Package: trig 1999/03/16 v1.09 sin cos tan (DPC)
)
(/usr/local/texlive/2013/texmf-dist/tex/latex/latexconfig/graphics.cfg
File: graphics.cfg 2010/04/23 v1.9 graphics configuration of TeX Live
)
Package graphics Info: Driver file: pdftex.def on input line 91.

(/usr/local/texlive/2013/texmf-dist/tex/latex/pdftex-def/pdftex.def
File: pdftex.def 2011/05/27 v0.06d Graphics/color for pdfTeX

(/usr/local/texlive/2013/texmf-dist/tex/generic/oberdiek/infwarerr.sty
Package: infwarerr 2010/04/08 v1.3 Providing info/warning/error messages (HO)
)
(/usr/local/texlive/2013/texmf-dist/tex/generic/oberdiek/ltxcmds.sty
Package: ltxcmds 2011/11/09 v1.22 LaTeX kernel commands for general use (HO)
)
\Gread@gobject=\count87
))
\Gin@req@height=\dimen103
\Gin@req@width=\dimen104
)
(/usr/local/texlive/2013/texmf-dist/tex/latex/listings/listings.sty
\lst@mode=\count88
\lst@gtempboxa=\box26
\lst@token=\toks15
\lst@length=\count89
\lst@currlwidth=\dimen105
\lst@column=\count90
\lst@pos=\count91
\lst@lostspace=\dimen106
\lst@width=\dimen107
\lst@newlines=\count92
\lst@lineno=\count93
\lst@maxwidth=\dimen108

(/usr/local/texlive/2013/texmf-dist/tex/latex/listings/lstmisc.sty
File: lstmisc.sty 2007/02/22 1.4 (Carsten Heinz)
\c@lstnumber=\count94
\lst@skipnumbers=\count95
\lst@framebox=\box27
)
(/usr/local/texlive/2013/texmf-dist/tex/latex/listings/listings.cfg
File: listings.cfg 2007/02/22 1.4 listings configuration
))
Package: listings 2007/02/22 1.4 (Carsten Heinz)

(/usr/local/texlive/2013/texmf-dist/tex/latex/hyperref/hyperref.sty
Package: hyperref 2012/11/06 v6.83m Hypertext links for LaTeX

(/usr/local/texlive/2013/texmf-dist/tex/generic/oberdiek/hobsub-hyperref.sty
Package: hobsub-hyperref 2012/05/28 v1.13 Bundle oberdiek, subset hyperref (HO)


(/usr/local/texlive/2013/texmf-dist/tex/generic/oberdiek/hobsub-generic.sty
Package: hobsub-generic 2012/05/28 v1.13 Bundle oberdiek, subset generic (HO)
Package: hobsub 2012/05/28 v1.13 Construct package bundles (HO)
Package hobsub Info: Skipping package `infwarerr' (already loaded).
Package hobsub Info: Skipping package `ltxcmds' (already loaded).
Package: ifluatex 2010/03/01 v1.3 Provides the ifluatex switch (HO)
Package ifluatex Info: LuaTeX not detected.
Package: ifvtex 2010/03/01 v1.5 Detect VTeX and its facilities (HO)
Package ifvtex Info: VTeX not detected.
Package: intcalc 2007/09/27 v1.1 Expandable calculations with integers (HO)
Package: ifpdf 2011/01/30 v2.3 Provides the ifpdf switch (HO)
Package ifpdf Info: pdfTeX in PDF mode is detected.
Package: etexcmds 2011/02/16 v1.5 Avoid name clashes with e-TeX commands (HO)
Package etexcmds Info: Could not find \expanded.
(etexcmds)             That can mean that you are not using pdfTeX 1.50 or
(etexcmds)             that some package has redefined \expanded.
(etexcmds)             In the latter case, load this package earlier.
Package: kvsetkeys 2012/04/25 v1.16 Key value parser (HO)
Package: kvdefinekeys 2011/04/07 v1.3 Define keys (HO)
Package: pdftexcmds 2011/11/29 v0.20 Utility functions of pdfTeX for LuaTeX (HO
)
Package pdftexcmds Info: LuaTeX not detected.
Package pdftexcmds Info: \pdf@primitive is available.
Package pdftexcmds Info: \pdf@ifprimitive is available.
Package pdftexcmds Info: \pdfdraftmode found.
Package: pdfescape 2011/11/25 v1.13 Implements pdfTeX's escape features (HO)
Package: bigintcalc 2012/04/08 v1.3 Expandable calculations on big integers (HO
)
Package: bitset 2011/01/30 v1.1 Handle bit-vector datatype (HO)
Package: uniquecounter 2011/01/30 v1.2 Provide unlimited unique counter (HO)
)
Package hobsub Info: Skipping package `hobsub' (already loaded).
Package: letltxmacro 2010/09/02 v1.4 Let assignment for LaTeX macros (HO)
Package: hopatch 2012/05/28 v1.2 Wrapper for package hooks (HO)
Package: xcolor-patch 2011/01/30 xcolor patch
Package: atveryend 2011/06/30 v1.8 Hooks at the very end of document (HO)
Package atveryend Info: \enddocument detected (standard20110627).
Package: atbegshi 2011/10/05 v1.16 At begin shipout hook (HO)
Package: refcount 2011/10/16 v3.4 Data extraction from label references (HO)
Package: hycolor 2011/01/30 v1.7 Color options for hyperref/bookmark (HO)
)
(/usr/local/texlive/2013/texmf-dist/tex/generic/ifxetex/ifxetex.sty
Package: ifxetex 2010/09/12 v0.6 Provides ifxetex conditional
)
(/usr/local/texlive/2013/texmf-dist/tex/latex/oberdiek/auxhook.sty
Package: auxhook 2011/03/04 v1.3 Hooks for auxiliary files (HO)
)
(/usr/local/texlive/2013/texmf-dist/tex/latex/oberdiek/kvoptions.sty
Package: kvoptions 2011/06/30 v3.11 Key value format for package options (HO)
)
\@linkdim=\dimen109
\Hy@linkcounter=\count96
\Hy@pagecounter=\count97

(/usr/local/texlive/2013/texmf-dist/tex/latex/hyperref/pd1enc.def
File: pd1enc.def 2012/11/06 v6.83m Hyperref: PDFDocEncoding definition (HO)
)
\Hy@SavedSpaceFactor=\count98

(/usr/local/texlive/2013/texmf-dist/tex/latex/latexconfig/hyperref.cfg
File: hyperref.cfg 2002/06/06 v1.2 hyperref configuration of TeXLive
)
Package hyperref Info: Hyper figures OFF on input line 4443.
Package hyperref Info: Link nesting OFF on input line 4448.
Package hyperref Info: Hyper index ON on input line 4451.
Package hyperref Info: Plain pages OFF on input line 4458.
Package hyperref Info: Backreferencing OFF on input line 4463.
Package hyperref Info: Implicit mode ON; LaTeX internals redefined.
Package hyperref Info: Bookmarks ON on input line 4688.
\c@Hy@tempcnt=\count99

(/usr/local/texlive/2013/texmf-dist/tex/latex/url/url.sty
\Urlmuskip=\muskip10
Package: url 2006/04/12  ver 3.3  Verb mode for urls, etc.
)
LaTeX Info: Redefining \url on input line 5041.
\XeTeXLinkMargin=\dimen110
\Fld@menulength=\count100
\Field@Width=\dimen111
\Fld@charsize=\dimen112
Package hyperref Info: Hyper figures OFF on input line 6295.
Package hyperref Info: Link nesting OFF on input line 6300.
Package hyperref Info: Hyper index ON on input line 6303.
Package hyperref Info: backreferencing OFF on input line 6310.
Package hyperref Info: Link coloring OFF on input line 6315.
Package hyperref Info: Link coloring with OCG OFF on input line 6320.
Package hyperref Info: PDF/A mode OFF on input line 6325.
LaTeX Info: Redefining \ref on input line 6365.
LaTeX Info: Redefining \pageref on input line 6369.
\Hy@abspage=\count101
\c@Item=\count102
\c@Hfootnote=\count103
)

Package hyperref Message: Driver (autodetected): hpdftex.

(/usr/local/texlive/2013/texmf-dist/tex/latex/hyperref/hpdftex.def
File: hpdftex.def 2012/11/06 v6.83m Hyperref driver for pdfTeX
\Fld@listcount=\count104
\c@bookmark@seq@number=\count105

(/usr/local/texlive/2013/texmf-dist/tex/latex/oberdiek/rerunfilecheck.sty
Package: rerunfilecheck 2011/04/15 v1.7 Rerun checks for auxiliary files (HO)
Package uniquecounter Info: New unique counter `rerunfilecheck' on input line 2
82.
)
\Hy@SectionHShift=\skip43
)
(/usr/local/texlive/2013/texmf-dist/tex/latex/amsmath/amsmath.sty
Package: amsmath 2013/01/14 v2.14 AMS math features
\@mathmargin=\skip44

For additional information on amsmath, use the `?' option.
(/usr/local/texlive/2013/texmf-dist/tex/latex/amsmath/amstext.sty
Package: amstext 2000/06/29 v2.01

(/usr/local/texlive/2013/texmf-dist/tex/latex/amsmath/amsgen.sty
File: amsgen.sty 1999/11/30 v2.0
\@emptytoks=\toks16
\ex@=\dimen113
))
(/usr/local/texlive/2013/texmf-dist/tex/latex/amsmath/amsbsy.sty
Package: amsbsy 1999/11/29 v1.2d
\pmbraise@=\dimen114
)
(/usr/local/texlive/2013/texmf-dist/tex/latex/amsmath/amsopn.sty
Package: amsopn 1999/12/14 v2.01 operator names
)
\inf@bad=\count106
LaTeX Info: Redefining \frac on input line 210.
\uproot@=\count107
\leftroot@=\count108
LaTeX Info: Redefining \overline on input line 306.
\classnum@=\count109
\DOTSCASE@=\count110
LaTeX Info: Redefining \ldots on input line 378.
LaTeX Info: Redefining \dots on input line 381.
LaTeX Info: Redefining \cdots on input line 466.
\Mathstrutbox@=\box28
\strutbox@=\box29
\big@size=\dimen115
LaTeX Font Info:    Redeclaring font encoding OML on input line 566.
LaTeX Font Info:    Redeclaring font encoding OMS on input line 567.
\macc@depth=\count111
\c@MaxMatrixCols=\count112
\dotsspace@=\muskip11
\c@parentequation=\count113
\dspbrk@lvl=\count114
\tag@help=\toks17
\row@=\count115
\column@=\count116
\maxfields@=\count117
\andhelp@=\toks18
\eqnshift@=\dimen116
\alignsep@=\dimen117
\tagshift@=\dimen118
\tagwidth@=\dimen119
\totwidth@=\dimen120
\lineht@=\dimen121
\@envbody=\toks19
\multlinegap=\skip45
\multlinetaggap=\skip46
\mathdisplay@stack=\toks20
LaTeX Info: Redefining \[ on input line 2665.
LaTeX Info: Redefining \] on input line 2666.
)
(/usr/local/texlive/2013/texmf-dist/tex/generic/ulem/ulem.sty
\UL@box=\box30
\UL@hyphenbox=\box31
\UL@skip=\skip47
\UL@hook=\toks21
\UL@height=\dimen122
\UL@pe=\count118
\UL@pixel=\dimen123
\ULC@box=\box32
Package: ulem 2012/05/18
\ULdepth=\dimen124
)
(/usr/local/texlive/2013/texmf-dist/tex/latex/xcolor/xcolor.sty
Package: xcolor 2007/01/21 v2.11 LaTeX color extensions (UK)

(/usr/local/texlive/2013/texmf-dist/tex/latex/latexconfig/color.cfg
File: color.cfg 2007/01/18 v1.5 color configuration of teTeX/TeXLive
)
Package xcolor Info: Driver file: pdftex.def on input line 225.
Package xcolor Info: Model `cmy' substituted by `cmy0' on input line 1337.
Package xcolor Info: Model `hsb' substituted by `rgb' on input line 1341.
Package xcolor Info: Model `RGB' extended on input line 1353.
Package xcolor Info: Model `HTML' substituted by `rgb' on input line 1355.
Package xcolor Info: Model `Hsb' substituted by `hsb' on input line 1356.
Package xcolor Info: Model `tHsb' substituted by `hsb' on input line 1357.
Package xcolor Info: Model `HSB' substituted by `hsb' on input line 1358.
Package xcolor Info: Model `Gray' substituted by `gray' on input line 1359.
Package xcolor Info: Model `wave' substituted by `hsb' on input line 1360.
)
(/usr/local/texlive/2013/texmf-dist/tex/latex/sectsty/sectsty.sty
Package: sectsty 2002/02/25 v2.0.2 Commands to change all sectional heading sty
les
)
(/usr/local/texlive/2013/texmf-dist/tex/latex/titlesec/titlesec.sty
Package: titlesec 2011/12/15 v2.10.0 Sectioning titles
\ttl@box=\box33
\beforetitleunit=\skip48
\aftertitleunit=\skip49
\ttl@plus=\dimen125
\ttl@minus=\dimen126
\ttl@toksa=\toks22
\titlewidth=\dimen127
\titlewidthlast=\dimen128
\titlewidthfirst=\dimen129
)
(/usr/local/texlive/2013/texmf-dist/tex/latex/fancyvrb/fancyvrb.sty
Package: fancyvrb 2008/02/07

Style option: `fancyvrb' v2.7a, with DG/SPQR fixes, and firstline=lastline fix 
<2008/02/07> (tvz)
\FV@CodeLineNo=\count119
\FV@InFile=\read1
\FV@TabBox=\box34
\c@FancyVerbLine=\count120
\FV@StepNumber=\count121
\FV@OutFile=\write3
)
(/usr/local/texlive/2013/texmf-dist/tex/latex/caption/caption.sty
Package: caption 2013/05/02 v3.3-89 Customizing captions (AR)

(/usr/local/texlive/2013/texmf-dist/tex/latex/caption/caption3.sty
Package: caption3 2013/05/02 v1.6-88 caption3 kernel (AR)
Package caption3 Info: TeX engine: e-TeX on input line 57.
\captionmargin=\dimen130
\captionmargin@=\dimen131
\captionwidth=\dimen132
\caption@tempdima=\dimen133
\caption@indent=\dimen134
\caption@parindent=\dimen135
\caption@hangindent=\dimen136
)
\c@ContinuedFloat=\count122
Package caption Info: hyperref package is loaded.
Package caption Info: listings package is loaded.
)
(/usr/local/texlive/2013/texmf-dist/tex/latex/breakurl/breakurl.sty
Package: breakurl 2013/04/10 v1.40 Breakable hyperref URLs

(/usr/local/texlive/2013/texmf-dist/tex/latex/xkeyval/xkeyval.sty
Package: xkeyval 2012/10/14 v2.6b package option processing (HA)

(/usr/local/texlive/2013/texmf-dist/tex/generic/xkeyval/xkeyval.tex
\XKV@toks=\toks23
\XKV@tempa@toks=\toks24
\XKV@depth=\count123
File: xkeyval.tex 2012/10/14 v2.6b key=value parser (HA)
))

Package breakurl Warning: You are using breakurl while processing via pdflatex.

(breakurl)                \burl will be just a synonym of \url.
(breakurl)                 on input line 48.

) (./Assignment6.aux

LaTeX Warning: Label `visina8' multiply defined.


LaTeX Warning: Label `visina8' multiply defined.


LaTeX Warning: Label `visina8' multiply defined.


LaTeX Warning: Label `visina8' multiply defined.


LaTeX Warning: Label `visina8' multiply defined.


LaTeX Warning: Label `visina8' multiply defined.


LaTeX Warning: Label `visina8' multiply defined.


LaTeX Warning: Label `visina8' multiply defined.


LaTeX Warning: Label `visina8' multiply defined.

)
\openout1 = `Assignment6.aux'.

LaTeX Font Info:    Checking defaults for OML/cmm/m/it on input line 29.
LaTeX Font Info:    ... okay on input line 29.
LaTeX Font Info:    Checking defaults for T1/cmr/m/n on input line 29.
LaTeX Font Info:    ... okay on input line 29.
LaTeX Font Info:    Checking defaults for OT1/cmr/m/n on input line 29.
LaTeX Font Info:    ... okay on input line 29.
LaTeX Font Info:    Checking defaults for OMS/cmsy/m/n on input line 29.
LaTeX Font Info:    ... okay on input line 29.
LaTeX Font Info:    Checking defaults for OMX/cmex/m/n on input line 29.
LaTeX Font Info:    ... okay on input line 29.
LaTeX Font Info:    Checking defaults for U/cmr/m/n on input line 29.
LaTeX Font Info:    ... okay on input line 29.
LaTeX Font Info:    Checking defaults for PD1/pdf/m/n on input line 29.
LaTeX Font Info:    ... okay on input line 29.
 (/usr/local/texlive/2013/texmf-dist/tex/context/base/supp-pdf.mkii
[Loading MPS to PDF converter (version 2006.09.02).]
\scratchcounter=\count124
\scratchdimen=\dimen137
\scratchbox=\box35
\nofMPsegments=\count125
\nofMParguments=\count126
\everyMPshowfont=\toks25
\MPscratchCnt=\count127
\MPscratchDim=\dimen138
\MPnumerator=\count128
\makeMPintoPDFobject=\count129
\everyMPtoPDFconversion=\toks26
) (/usr/local/texlive/2013/texmf-dist/tex/latex/oberdiek/epstopdf-base.sty
Package: epstopdf-base 2010/02/09 v2.5 Base part for package epstopdf

(/usr/local/texlive/2013/texmf-dist/tex/latex/oberdiek/grfext.sty
Package: grfext 2010/08/19 v1.1 Manage graphics extensions (HO)
)
Package grfext Info: Graphics extension search list:
(grfext)             [.png,.pdf,.jpg,.mps,.jpeg,.jbig2,.jb2,.PNG,.PDF,.JPG,.JPE
G,.JBIG2,.JB2,.eps]
(grfext)             \AppendGraphicsExtensions on input line 452.

(/usr/local/texlive/2013/texmf-dist/tex/latex/latexconfig/epstopdf-sys.cfg
File: epstopdf-sys.cfg 2010/07/13 v1.3 Configuration of (r)epstopdf for TeX Liv
e
))
\c@lstlisting=\count130
\AtBeginShipoutBox=\box36
Package hyperref Info: Link coloring OFF on input line 29.

(/usr/local/texlive/2013/texmf-dist/tex/latex/hyperref/nameref.sty
Package: nameref 2012/10/27 v2.43 Cross-referencing by name of section

(/usr/local/texlive/2013/texmf-dist/tex/generic/oberdiek/gettitlestring.sty
Package: gettitlestring 2010/12/03 v1.4 Cleanup title references (HO)
)
\c@section@level=\count131
)
LaTeX Info: Redefining \ref on input line 29.
LaTeX Info: Redefining \pageref on input line 29.
LaTeX Info: Redefining \nameref on input line 29.

(./Assignment6.out) (./Assignment6.out)
\@outlinefile=\write4
\openout4 = `Assignment6.out'.

Package caption Info: Begin \AtBeginDocument code.
Package caption Info: End \AtBeginDocument code.
 [1

{/usr/local/texlive/2013/texmf-var/fonts/map/pdftex/updmap/pdftex.map}]
LaTeX Font Info:    Try loading font information for OMS+cmr on input line 57.

(/usr/local/texlive/2013/texmf-dist/tex/latex/base/omscmr.fd
File: omscmr.fd 1999/05/25 v2.5h Standard LaTeX font definitions
)
LaTeX Font Info:    Font shape `OMS/cmr/m/n' in size <10.95> not available
(Font)              Font shape `OMS/cmsy/m/n' tried instead on input line 57.

Underfull \hbox (badness 10000) in paragraph at lines 63--64
[][]$\OT1/cmtt/m/n/10.95 http : / / www -[] personal\OML/cmm/m/it/10.95 :\OT1/c
mtt/m/n/10.95 umich\OML/cmm/m/it/10.95 :\OT1/cmtt/m/n/10.95 edu / []ladamic / c
ourses /
 []


Underfull \hbox (badness 10000) in paragraph at lines 64--65
[][]$\OT1/cmtt/m/n/10.95 http : / / clair\OML/cmm/m/it/10.95 :\OT1/cmtt/m/n/10.
95 si\OML/cmm/m/it/10.95 :\OT1/cmtt/m/n/10.95 umich\OML/cmm/m/it/10.95 :\OT1/cm
tt/m/n/10.95 edu / si767 / papers / Week03 /
 []


Underfull \hbox (badness 10000) in paragraph at lines 68--69
[][]$\OT1/cmtt/m/n/10.95 http : / / networkx\OML/cmm/m/it/10.95 :\OT1/cmtt/m/n/
10.95 github\OML/cmm/m/it/10.95 :\OT1/cmtt/m/n/10.95 io / documentation / lates
t /
 []


Underfull \hbox (badness 10000) in paragraph at lines 69--70
[][]$\OT1/cmtt/m/n/10.95 http : / / nbviewer\OML/cmm/m/it/10.95 :\OT1/cmtt/m/n/
10.95 ipython\OML/cmm/m/it/10.95 :\OT1/cmtt/m/n/10.95 org / url / courses\OML/c
mm/m/it/10.95 :\OT1/cmtt/m/n/10.95 cit\OML/cmm/m/it/10.95 :\OT1/cmtt/m/n/10.95 
cornell\OML/cmm/m/it/10.95 :\OT1/cmtt/m/n/10.95 edu /
 []


Underfull \hbox (badness 10000) in paragraph at lines 70--71
[][]$\OT1/cmtt/m/n/10.95 http : / / stackoverflow\OML/cmm/m/it/10.95 :\OT1/cmtt
/m/n/10.95 com / questions / 9471906 / what -[]
 []


Underfull \hbox (badness 10000) in paragraph at lines 70--71
\OT1/cmtt/m/n/10.95 are -[] the -[] differences -[] between -[] community -[] d
etection -[]
 []


Underfull \hbox (badness 10000) in paragraph at lines 71--72
[][]$\OT1/cmtt/m/n/10.95 http : / / stackoverflow\OML/cmm/m/it/10.95 :\OT1/cmtt
/m/n/10.95 com / questions / 5822265 / are -[]
 []


Underfull \hbox (badness 10000) in paragraph at lines 71--72
\OT1/cmtt/m/n/10.95 there -[] implementations -[] of -[] algorithms -[] for -[]
 community -[]
 []


Underfull \hbox (badness 10000) in paragraph at lines 73--74
[][]$\OT1/cmtt/m/n/10.95 http : / / vlado\OML/cmm/m/it/10.95 :\OT1/cmtt/m/n/10.
95 fmf\OML/cmm/m/it/10.95 :\OT1/cmtt/m/n/10.95 uni -[] lj\OML/cmm/m/it/10.95 :\
OT1/cmtt/m/n/10.95 si / pub / networks / data / ucinet /
 []

pdfTeX warning (ext4): destination with the same identifier (name{page.1}) has 
been already used, duplicate ignored
<to be read again> 
                   \relax 
l.76 \newpage
              [1]
Missing character: There is no ‚ in font cmr10!
Missing character: There is no Ä in font cmr10!
Missing character: There is no ô in font cmr10!
Missing character: There is no ‚ in font cmr10!
Missing character: There is no Ä in font cmr10!
Missing character: There is no ô in font cmr10!

Underfull \hbox (badness 10000) in paragraph at lines 78--88

 []


Underfull \hbox (badness 10000) in paragraph at lines 78--88

 []


Underfull \hbox (badness 10000) in paragraph at lines 78--88

 []

<g1.png, id=46, 424.9476pt x 251.9814pt>
File: g1.png Graphic file (type png)
 <use g1.png>
Package pdftex.def Info: g1.png used on input line 91.
(pdftex.def)             Requested size: 339.95853pt x 201.58537pt.


Package caption Warning: The option `hypcap=true' will be ignored for this
(caption)                particular \caption on input line 92.
See the caption package documentation for explanation.

Missing character: There is no ‚ in font cmr10!
Missing character: There is no Ä in font cmr10!
Missing character: There is no ô in font cmr10!
Missing character: There is no ‚ in font cmr10!
Missing character: There is no Ä in font cmr10!
Missing character: There is no ô in font cmr10!
Missing character: There is no ‚ in font cmr10!
Missing character: There is no Ä in font cmr10!
Missing character: There is no ú in font cmr10!
Missing character: There is no ‚ in font cmr10!
Missing character: There is no Ä in font cmr10!
Missing character: There is no ù in font cmr10!
[2 <./g1.png>]
(/usr/local/texlive/2013/texmf-dist/tex/latex/listings/lstlang1.sty
File: lstlang1.sty 2004/09/05 1.3 listings language file
)
(/usr/local/texlive/2013/texmf-dist/tex/latex/listings/lstlang2.sty
File: lstlang2.sty 2004/09/05 1.3 listings language file
)
(/usr/local/texlive/2013/texmf-dist/tex/latex/listings/lstlang3.sty
File: lstlang3.sty 2004/09/05 1.3 listings language file
)
LaTeX Font Info:    Try loading font information for OML+cmr on input line 118.


(/usr/local/texlive/2013/texmf-dist/tex/latex/base/omlcmr.fd
File: omlcmr.fd 1999/05/25 v2.5h Standard LaTeX font definitions
)
LaTeX Font Info:    Font shape `OML/cmr/bx/n' in size <9> not available
(Font)              Font shape `OML/cmm/b/it' tried instead on input line 118.
LaTeX Font Info:    Font shape `OMS/cmr/m/n' in size <9> not available
(Font)              Font shape `OMS/cmsy/m/n' tried instead on input line 120.
 [3]
<g2.png, id=77, 433.62pt x 256.3176pt>
File: g2.png Graphic file (type png)
 <use g2.png>
Package pdftex.def Info: g2.png used on input line 141.
(pdftex.def)             Requested size: 346.89647pt x 205.05435pt.


Package caption Warning: The option `hypcap=true' will be ignored for this
(caption)                particular \caption on input line 142.
See the caption package documentation for explanation.


Underfull \hbox (badness 10000) in paragraph at lines 147--150

 []


Underfull \hbox (badness 10000) in paragraph at lines 147--150

 []

[4 <./g2.png>]
LaTeX Font Info:    Font shape `OML/cmr/m/n' in size <9> not available
(Font)              Font shape `OML/cmm/m/it' tried instead on input line 152.
 <g3.png, id=91, 433.62pt x 252.945pt>
File: g3.png Graphic file (type png)
 <use g3.png>
Package pdftex.def Info: g3.png used on input line 164.
(pdftex.def)             Requested size: 433.61894pt x 252.94438pt.


Package caption Warning: The option `hypcap=true' will be ignored for this
(caption)                particular \caption on input line 165.
See the caption package documentation for explanation.


Overfull \hbox (80.41893pt too wide) in paragraph at lines 164--165
[][] 
 []

[5 <./g3.png>]
LaTeX Font Info:    Font shape `OMS/cmr/bx/n' in size <9> not available
(Font)              Font shape `OMS/cmsy/b/n' tried instead on input line 202.
 <g4.png, id=116, 433.62pt x 280.4076pt>
File: g4.png Graphic file (type png)
 <use g4.png>
Package pdftex.def Info: g4.png used on input line 213.
(pdftex.def)             Requested size: 433.61894pt x 280.4069pt.


Package caption Warning: The option `hypcap=true' will be ignored for this
(caption)                particular \caption on input line 214.
See the caption package documentation for explanation.


Overfull \hbox (80.41893pt too wide) in paragraph at lines 213--214
[][] 
 []

[6]
Underfull \hbox (badness 10000) in paragraph at lines 238--245

 []


Underfull \hbox (badness 1057) in paragraph at lines 238--245
\OT1/cmr/m/n/10.95 Also, I have no-ticed that the tk-plot ed-i-tor in R pack-ag
e is bet-ter
 []


Underfull \hbox (badness 10000) in paragraph at lines 238--245

 []


Underfull \hbox (badness 10000) in paragraph at lines 238--245

 []

[7 <./g4.png>]
Underfull \hbox (badness 10000) in paragraph at lines 247--248

 []


Underfull \hbox (badness 10000) in paragraph at lines 256--257

 []

[8]
Underfull \hbox (badness 10000) in paragraph at lines 266--267

 []


Underfull \hbox (badness 10000) in paragraph at lines 275--276

 []

[9] [10]
Underfull \hbox (badness 10000) in paragraph at lines 292--295

 []


Underfull \hbox (badness 10000) in paragraph at lines 297--298

 []

<g5.png, id=197, 433.62pt x 280.4076pt>
File: g5.png Graphic file (type png)
 <use g5.png>
Package pdftex.def Info: g5.png used on input line 307.
(pdftex.def)             Requested size: 433.61894pt x 280.4069pt.


Package caption Warning: The option `hypcap=true' will be ignored for this
(caption)                particular \caption on input line 308.
See the caption package documentation for explanation.


Overfull \hbox (80.41893pt too wide) in paragraph at lines 307--308
[][] 
 []


Underfull \hbox (badness 10000) in paragraph at lines 303--311

 []

[11]
Underfull \hbox (badness 10000) in paragraph at lines 312--313

 []

<g6.png, id=205, 433.62pt x 433.1382pt>
File: g6.png Graphic file (type png)
 <use g6.png>
Package pdftex.def Info: g6.png used on input line 330.
(pdftex.def)             Requested size: 433.61894pt x 433.13715pt.


Package caption Warning: The option `hypcap=true' will be ignored for this
(caption)                particular \caption on input line 331.
See the caption package documentation for explanation.


Overfull \hbox (80.41893pt too wide) in paragraph at lines 330--331
[][] 
 []


Underfull \hbox (badness 10000) in paragraph at lines 327--335

 []

[12 <./g5.png>] [13 <./g6.png>]
Underfull \hbox (badness 10000) in paragraph at lines 337--338

 []

<g7.png, id=232, 316.0608pt x 216.81pt>
File: g7.png Graphic file (type png)
 <use g7.png>
Package pdftex.def Info: g7.png used on input line 345.
(pdftex.def)             Requested size: 316.06003pt x 216.80946pt.


Package caption Warning: The option `hypcap=true' will be ignored for this
(caption)                particular \caption on input line 346.
See the caption package documentation for explanation.

[14 <./g7.png>]
Underfull \hbox (badness 10000) in paragraph at lines 350--351

 []

<g8.png, id=242, 433.62pt x 397.485pt>
File: g8.png Graphic file (type png)
 <use g8.png>
Package pdftex.def Info: g8.png used on input line 368.
(pdftex.def)             Requested size: 433.61894pt x 397.48402pt.


Package caption Warning: The option `hypcap=true' will be ignored for this
(caption)                particular \caption on input line 369.
See the caption package documentation for explanation.


Overfull \hbox (80.41893pt too wide) in paragraph at lines 368--369
[][] 
 []

[15] [16 <./g8.png>]
Underfull \hbox (badness 10000) in paragraph at lines 374--375

 []

<g9.png, id=266, 424.4658pt x 299.1978pt>
File: g9.png Graphic file (type png)
 <use g9.png>
Package pdftex.def Info: g9.png used on input line 384.
(pdftex.def)             Requested size: 424.46475pt x 299.19705pt.


Package caption Warning: The option `hypcap=true' will be ignored for this
(caption)                particular \caption on input line 385.
See the caption package documentation for explanation.


Overfull \hbox (71.26474pt too wide) in paragraph at lines 384--385
[][] 
 []

[17 <./g9.png>]
Underfull \hbox (badness 10000) in paragraph at lines 389--390

 []

<g10.png, id=278, 433.62pt x 377.2494pt>
File: g10.png Graphic file (type png)
 <use g10.png>
Package pdftex.def Info: g10.png used on input line 406.
(pdftex.def)             Requested size: 433.61894pt x 377.24847pt.


Package caption Warning: The option `hypcap=true' will be ignored for this
(caption)                particular \caption on input line 407.
See the caption package documentation for explanation.


Overfull \hbox (80.41893pt too wide) in paragraph at lines 406--407
[][] 
 []

[18] [19 <./g10.png>]
Underfull \hbox (badness 10000) in paragraph at lines 417--418
[][]$\OT1/cmtt/m/n/10.95 http : / / www -[] personal\OML/cmm/m/it/10.95 :\OT1/c
mtt/m/n/10.95 umich\OML/cmm/m/it/10.95 :\OT1/cmtt/m/n/10.95 edu / []ladamic / c
ourses / networks /
 []


Underfull \hbox (badness 10000) in paragraph at lines 418--419
[][]$\OT1/cmtt/m/n/10.95 http : / / clair\OML/cmm/m/it/10.95 :\OT1/cmtt/m/n/10.
95 si\OML/cmm/m/it/10.95 :\OT1/cmtt/m/n/10.95 umich\OML/cmm/m/it/10.95 :\OT1/cm
tt/m/n/10.95 edu / si767 / papers / Week03 / Community /
 []


Underfull \hbox (badness 10000) in paragraph at lines 419--420
[][]$\OT1/cmtt/m/n/10.95 http : / / networkx\OML/cmm/m/it/10.95 :\OT1/cmtt/m/n/
10.95 github\OML/cmm/m/it/10.95 :\OT1/cmtt/m/n/10.95 io / documentation / lates
t / examples /
 []


Underfull \hbox (badness 10000) in paragraph at lines 420--421
[][]$\OT1/cmtt/m/n/10.95 http : / / nbviewer\OML/cmm/m/it/10.95 :\OT1/cmtt/m/n/
10.95 ipython\OML/cmm/m/it/10.95 :\OT1/cmtt/m/n/10.95 org / url / courses\OML/c
mm/m/it/10.95 :\OT1/cmtt/m/n/10.95 cit\OML/cmm/m/it/10.95 :\OT1/cmtt/m/n/10.95 
cornell\OML/cmm/m/it/10.95 :\OT1/cmtt/m/n/10.95 edu /
 []


Underfull \hbox (badness 10000) in paragraph at lines 421--422
[][]$\OT1/cmtt/m/n/10.95 http : / / stackoverflow\OML/cmm/m/it/10.95 :\OT1/cmtt
/m/n/10.95 com / questions / 9471906 / what -[] are -[] the -[]
 []


Underfull \hbox (badness 10000) in paragraph at lines 421--422
\OT1/cmtt/m/n/10.95 differences -[] between -[] community -[] detection -[] alg
orithms -[] in -[]
 []


Underfull \hbox (badness 10000) in paragraph at lines 422--423
[][]$\OT1/cmtt/m/n/10.95 http : / / stackoverflow\OML/cmm/m/it/10.95 :\OT1/cmtt
/m/n/10.95 com / questions / 5822265 / are -[] there -[]
 []


Underfull \hbox (badness 10000) in paragraph at lines 422--423
\OT1/cmtt/m/n/10.95 implementations -[] of -[] algorithms -[] for -[] community
 -[] detection -[] in -[]
 []


Underfull \hbox (badness 10000) in paragraph at lines 424--425
[][]$\OT1/cmtt/m/n/10.95 http : / / vlado\OML/cmm/m/it/10.95 :\OT1/cmtt/m/n/10.
95 fmf\OML/cmm/m/it/10.95 :\OT1/cmtt/m/n/10.95 uni -[] lj\OML/cmm/m/it/10.95 :\
OT1/cmtt/m/n/10.95 si / pub / networks / data / ucinet /
 []


Underfull \hbox (badness 10000) in paragraph at lines 426--427
[][]$\OT1/cmtt/m/n/10.95 https : / / github\OML/cmm/m/it/10.95 :\OT1/cmtt/m/n/1
0.95 com / igraph / igraph / tree / master / interfaces / R /
 []


Underfull \hbox (badness 10000) in paragraph at lines 427--428
[][]$\OT1/cmtt/m/n/10.95 http : / / books\OML/cmm/m/it/10.95 :\OT1/cmtt/m/n/10.
95 google\OML/cmm/m/it/10.95 :\OT1/cmtt/m/n/10.95 com / books?id = atfCl2agdi8C
&pg = PA70&lpg =
 []


Underfull \hbox (badness 10000) in paragraph at lines 427--428
\OT1/cmtt/m/n/10.95 PA70&dq = zachary + karate + club + predicted + split&sourc
e =
 []


Underfull \hbox (badness 10000) in paragraph at lines 427--428
\OT1/cmtt/m/n/10.95 bl&ots = LyTV0moGuw&sig = iOWdV68vQWRteDqJhCCuTO0usos&hl =
 []


Underfull \hbox (badness 10000) in paragraph at lines 427--428
\OT1/cmtt/m/n/10.95 en&sa = X&ei = GGtsUvG[]NO -[] WyAHFm4GIDw&ved = 0CDEQ6AEwA
A#v =
 []


Underfull \hbox (badness 10000) in paragraph at lines 428--429
[][]$\OT1/cmtt/m/n/10.95 http : / / www\OML/cmm/m/it/10.95 :\OT1/cmtt/m/n/10.95
 cs\OML/cmm/m/it/10.95 :\OT1/cmtt/m/n/10.95 cornell\OML/cmm/m/it/10.95 :\OT1/cm
tt/m/n/10.95 edu / home / kleinber / networks -[] book /
 []


Underfull \hbox (badness 10000) in paragraph at lines 429--430
[][]$\OT1/cmtt/m/n/10.95 http : / / theory\OML/cmm/m/it/10.95 :\OT1/cmtt/m/n/10
.95 ic\OML/cmm/m/it/10.95 :\OT1/cmtt/m/n/10.95 ac\OML/cmm/m/it/10.95 :\OT1/cmtt
/m/n/10.95 uk / 7Etime / networks /
 []

[20]
Missing character: There is no ‚ in font cmtt10!
Missing character: There is no Ä in font cmtt10!
Missing character: There is no ì in font cmtt10!

Underfull \hbox (badness 10000) in paragraph at lines 434--435
[][]$\OT1/cmtt/m/n/10.95 http : / / igraph\OML/cmm/m/it/10.95 :\OT1/cmtt/m/n/10
.95 sourceforge\OML/cmm/m/it/10.95 :\OT1/cmtt/m/n/10.95 net / doc / R /
 []


Underfull \hbox (badness 10000) in paragraph at lines 435--437
[][]$\OT1/cmtt/m/n/10.95 http : / / stackoverflow\OML/cmm/m/it/10.95 :\OT1/cmtt
/m/n/10.95 com / questions / 15787145 / saving -[] the -[]
 []

Package atveryend Info: Empty hook `BeforeClearDocument' on input line 439.
[21]
Package atveryend Info: Empty hook `AfterLastShipout' on input line 439.
 (./Assignment6.aux)
Package atveryend Info: Executing hook `AtVeryEndDocument' on input line 439.
Package atveryend Info: Executing hook `AtEndAfterFileList' on input line 439.
Package rerunfilecheck Info: File `Assignment6.out' has not changed.
(rerunfilecheck)             Checksum: AE8107AFF33A1C7EA543434342DEF9BC;103.


LaTeX Warning: There were multiply-defined labels.

Package atveryend Info: Empty hook `AtVeryVeryEnd' on input line 439.
 ) 
Here is how much of TeX's memory you used:
 10435 strings out of 493315
 151299 string characters out of 6137905
 360846 words of memory out of 5000000
 13597 multiletter control sequences out of 15000+600000
 12417 words of font info for 46 fonts, out of 8000000 for 9000
 957 hyphenation exceptions out of 8191
 36i,8n,75p,344b,1987s stack positions out of 5000i,500n,10000p,200000b,80000s
</usr/local/texlive/2013/texmf-dist/fonts/type1/public/amsfonts/cmextra/cmbsy
9.pfb></usr/local/texlive/2013/texmf-dist/fonts/type1/public/amsfonts/cm/cmbx10
.pfb></usr/local/texlive/2013/texmf-dist/fonts/type1/public/amsfonts/cm/cmbx12.
pfb></usr/local/texlive/2013/texmf-dist/fonts/type1/public/amsfonts/cm/cmbx9.pf
b></usr/local/texlive/2013/texmf-dist/fonts/type1/public/amsfonts/cm/cmmi10.pfb
></usr/local/texlive/2013/texmf-dist/fonts/type1/public/amsfonts/cm/cmmi8.pfb><
/usr/local/texlive/2013/texmf-dist/fonts/type1/public/amsfonts/cm/cmmi9.pfb></u
sr/local/texlive/2013/texmf-dist/fonts/type1/public/amsfonts/cmextra/cmmib9.pfb
></usr/local/texlive/2013/texmf-dist/fonts/type1/public/amsfonts/cm/cmr10.pfb><
/usr/local/texlive/2013/texmf-dist/fonts/type1/public/amsfonts/cm/cmr12.pfb></u
sr/local/texlive/2013/texmf-dist/fonts/type1/public/amsfonts/cm/cmr17.pfb></usr
/local/texlive/2013/texmf-dist/fonts/type1/public/amsfonts/cm/cmr8.pfb></usr/lo
cal/texlive/2013/texmf-dist/fonts/type1/public/amsfonts/cm/cmr9.pfb></usr/local
/texlive/2013/texmf-dist/fonts/type1/public/amsfonts/cm/cmsy10.pfb></usr/local/
texlive/2013/texmf-dist/fonts/type1/public/amsfonts/cm/cmsy9.pfb></usr/local/te
xlive/2013/texmf-dist/fonts/type1/public/amsfonts/cm/cmti9.pfb></usr/local/texl
ive/2013/texmf-dist/fonts/type1/public/amsfonts/cm/cmtt10.pfb>
Output written on Assignment6.pdf (22 pages, 1708275 bytes).
PDF statistics:
 440 PDF objects out of 1000 (max. 8388607)
 375 compressed objects within 4 object streams
 171 named destinations out of 1000 (max. 500000)
 67 words of extra memory for PDF output out of 10000 (max. 10000000)

